<?xml version="1.0" encoding="UTF-8"?>
<!-- Generated by org.testng.reporters.JUnitXMLReporter -->
<testsuite ignored="2" hostname="DESKTOP-UO09EH4" failures="0" tests="8" name="Test_To_Do_2" time="0.369" errors="0" timestamp="2024-02-19T17:39:45 IST">
  <testcase classname="C2_Test2" name="Test12" time="0.027"/>
  <testcase classname="C2_Test2" name="Test12" time="0.007"/>
  <testcase classname="C2_Test2" name="Test12" time="0.016"/>
  <testcase classname="C2_Test2" name="WebLoan" time="0.008"/>
  <testcase classname="C2_Test2" name="Test10" time="0.008"/>
  <testcase classname="C2_Test2" name="Test9" time="0.013"/>
  <testcase classname="C2_Test2" name="Test7" time="0.005"/>
  <testcase classname="C2_Test2" name="Test8" time="0.01"/>
  <testcase classname="C2_Test2" name="AppLoan" time="0.0">
    <ignored/>
  </testcase> <!-- AppLoan -->
  <testcase classname="C2_Test2" name="MobileLoan" time="0.0">
    <ignored/>
  </testcase> <!-- MobileLoan -->
</testsuite> <!-- Test_To_Do_2 -->
