<?xml version="1.0" encoding="UTF-8"?>
<!-- Generated by org.testng.reporters.JUnitXMLReporter -->
<testsuite ignored="4" hostname="DESKTOP-UO09EH4" failures="0" tests="2" name="Test_To_Do_1" time="0.254" errors="0" timestamp="2024-02-19T17:39:45 IST">
  <testcase classname="C2_Test1" name="Test10" time="0.017"/>
  <testcase classname="C2_Test1" name="WebLogin" time="0.011"/>
  <testcase classname="C2_Test1" name="AppLogin" time="0.0">
    <ignored/>
  </testcase> <!-- AppLogin -->
  <testcase classname="C2_Test1" name="MobileLogin" time="0.0">
    <ignored/>
  </testcase> <!-- MobileLogin -->
  <testcase classname="C2_Test1" name="MobileLogout" time="0.0">
    <ignored/>
  </testcase> <!-- MobileLogout -->
  <testcase classname="C2_Test1" name="MobileCheck" time="0.0">
    <ignored/>
  </testcase> <!-- MobileCheck -->
</testsuite> <!-- Test_To_Do_1 -->
