<?xml version="1.0" encoding="UTF-8"?>
<!-- Generated by org.testng.reporters.JUnitXMLReporter -->
<testsuite ignored="0" hostname="DESKTOP-UO09EH4" failures="0" tests="6" name="Test_To_Do_1a" time="0.16" errors="0" timestamp="2024-02-10T13:44:03 IST">
  <testcase classname="C1_Test1" name="Test1" time="0.017"/>
  <testcase classname="C1_Test1" name="Test2" time="0.004"/>
  <testcase classname="C1_Test1" name="Test3" time="0.004"/>
  <testcase classname="C1_Test2" name="Test1" time="0.002"/>
  <testcase classname="C1_Test2" name="Test2" time="0.006"/>
  <testcase classname="C1_Test2" name="Test3" time="0.005"/>
</testsuite> <!-- Test_To_Do_1a -->
