<?xml version="1.0" encoding="UTF-8"?>
<testng-results ignored="0" total="10" passed="10" failed="0" skipped="0">
  <reporter-output>
  </reporter-output>
  <suite started-at="2024-02-19T17:39:44 IST" name="Practise Project" finished-at="2024-02-19T17:39:45 IST" duration-ms="370">
    <groups>
      <group name="Smoke">
        <method signature="C2_Test1.Test10(java.lang.String)[pri:0, instance:C2_Test1@194bcebf]" name="Test10" class="C2_Test1"/>
        <method signature="C2_Test1.WebLogin()[pri:0, instance:C2_Test1@194bcebf]" name="WebLogin" class="C2_Test1"/>
        <method signature="C2_Test2.Test12(java.lang.String,java.lang.String)[pri:0, instance:C2_Test2@6e9175d8]" name="Test12" class="C2_Test2"/>
        <method signature="C2_Test2.WebLoan()[pri:0, instance:C2_Test2@6e9175d8]" name="WebLoan" class="C2_Test2"/>
        <method signature="C2_Test2.Test7()[pri:0, instance:C2_Test2@6e9175d8]" name="Test7" class="C2_Test2"/>
        <method signature="C2_Test2.Test8()[pri:0, instance:C2_Test2@6e9175d8]" name="Test8" class="C2_Test2"/>
        <method signature="C2_Test2.Test10(java.lang.String)[pri:0, instance:C2_Test2@6e9175d8]" name="Test10" class="C2_Test2"/>
        <method signature="C2_Test2.Test9()[pri:0, instance:C2_Test2@6e9175d8]" name="Test9" class="C2_Test2"/>
      </group> <!-- Smoke -->
    </groups>
    <test started-at="2024-02-19T17:39:44 IST" name="Test_To_Do_2" finished-at="2024-02-19T17:39:45 IST" duration-ms="369">
      <class name="C2_Test2">
        <test-method signature="Test12(java.lang.String,java.lang.String)[pri:0, instance:C2_Test2@6e9175d8]" started-at="2024-02-19T17:39:45 IST" name="Test12" data-provider="Test11" finished-at="2024-02-19T17:39:45 IST" duration-ms="27" status="PASS">
          <params>
            <param index="0">
              <value>
                <![CDATA[usr1]]>
              </value>
            </param>
            <param index="1">
              <value>
                <![CDATA[pas1]]>
              </value>
            </param>
          </params>
          <reporter-output>
          </reporter-output>
        </test-method> <!-- Test12 -->
        <test-method signature="Test12(java.lang.String,java.lang.String)[pri:0, instance:C2_Test2@6e9175d8]" started-at="2024-02-19T17:39:45 IST" name="Test12" data-provider="Test11" finished-at="2024-02-19T17:39:45 IST" duration-ms="7" status="PASS">
          <params>
            <param index="0">
              <value>
                <![CDATA[usr2]]>
              </value>
            </param>
            <param index="1">
              <value>
                <![CDATA[pas2]]>
              </value>
            </param>
          </params>
          <reporter-output>
          </reporter-output>
        </test-method> <!-- Test12 -->
        <test-method signature="Test12(java.lang.String,java.lang.String)[pri:0, instance:C2_Test2@6e9175d8]" started-at="2024-02-19T17:39:45 IST" name="Test12" data-provider="Test11" finished-at="2024-02-19T17:39:45 IST" duration-ms="16" status="PASS">
          <params>
            <param index="0">
              <value>
                <![CDATA[usr3]]>
              </value>
            </param>
            <param index="1">
              <value>
                <![CDATA[pas3]]>
              </value>
            </param>
          </params>
          <reporter-output>
          </reporter-output>
        </test-method> <!-- Test12 -->
        <test-method signature="WebLoan()[pri:0, instance:C2_Test2@6e9175d8]" started-at="2024-02-19T17:39:45 IST" name="WebLoan" finished-at="2024-02-19T17:39:45 IST" duration-ms="8" status="PASS">
          <reporter-output>
          </reporter-output>
        </test-method> <!-- WebLoan -->
        <test-method signature="Test10(java.lang.String)[pri:0, instance:C2_Test2@6e9175d8]" started-at="2024-02-19T17:39:45 IST" name="Test10" finished-at="2024-02-19T17:39:45 IST" duration-ms="8" status="PASS">
          <params>
            <param index="0">
              <value>
                <![CDATA[check54321]]>
              </value>
            </param>
          </params>
          <reporter-output>
          </reporter-output>
        </test-method> <!-- Test10 -->
        <test-method signature="Test9()[pri:0, instance:C2_Test2@6e9175d8]" started-at="2024-02-19T17:39:45 IST" name="Test9" finished-at="2024-02-19T17:39:45 IST" duration-ms="13" status="PASS">
          <reporter-output>
          </reporter-output>
        </test-method> <!-- Test9 -->
        <test-method signature="Test7()[pri:0, instance:C2_Test2@6e9175d8]" started-at="2024-02-19T17:39:45 IST" name="Test7" finished-at="2024-02-19T17:39:45 IST" depends-on-methods="C2_Test2.WebLoan" duration-ms="5" status="PASS">
          <reporter-output>
          </reporter-output>
        </test-method> <!-- Test7 -->
        <test-method signature="Test8()[pri:0, instance:C2_Test2@6e9175d8]" started-at="2024-02-19T17:39:45 IST" name="Test8" finished-at="2024-02-19T17:39:45 IST" depends-on-methods="C2_Test2.WebLoan, C2_Test2.Test7" duration-ms="10" status="PASS">
          <reporter-output>
          </reporter-output>
        </test-method> <!-- Test8 -->
      </class> <!-- C2_Test2 -->
    </test> <!-- Test_To_Do_2 -->
    <test started-at="2024-02-19T17:39:44 IST" name="Test_To_Do_1" finished-at="2024-02-19T17:39:45 IST" duration-ms="254">
      <class name="C2_Test1">
        <test-method signature="Test10(java.lang.String)[pri:0, instance:C2_Test1@194bcebf]" started-at="2024-02-19T17:39:45 IST" name="Test10" finished-at="2024-02-19T17:39:45 IST" duration-ms="17" status="PASS">
          <params>
            <param index="0">
              <value>
                <![CDATA[check12345]]>
              </value>
            </param>
          </params>
          <reporter-output>
          </reporter-output>
        </test-method> <!-- Test10 -->
        <test-method signature="WebLogin()[pri:0, instance:C2_Test1@194bcebf]" started-at="2024-02-19T17:39:45 IST" name="WebLogin" finished-at="2024-02-19T17:39:45 IST" duration-ms="11" status="PASS">
          <reporter-output>
          </reporter-output>
        </test-method> <!-- WebLogin -->
      </class> <!-- C2_Test1 -->
    </test> <!-- Test_To_Do_1 -->
  </suite> <!-- Practise Project -->
</testng-results>
